Error: [Errno 2] No such file or directory: 'models/ubm.joblib'
Error: [Errno 2] No such file or directory: 'models/ubm.joblib'
Error: [Errno 2] No such file or directory: 'models/ubm.joblib'
Error: [Errno 2] No such file or directory: 'C:\\xampp\\htdocs\\tugas_akhir\\ujian_app\\media\\voice_models\\speaker_rafi.joblib'
Error: [Errno 13] Permission denied: 'C:\\Users\\Rafi\\AppData\\Local\\Temp\\tmpu_n3p047'
Error: [Errno 13] Permission denied: 'C:\\Users\\Rafi\\AppData\\Local\\Temp\\tmp502_bmvo'
Error: [Errno 13] Permission denied: 'C:\\Users\\Rafi\\AppData\\Local\\Temp\\tmp_06zq97j'
Error: 
Error: 
Error: 
Error: No module named 'pydub'
Error: No module named 'pydub'
Error: No module named 'pydub'
Error: [WinError 32] The process cannot access the file because it is being used by another process: 'C:\\Users\\Rafi\\AppData\\Local\\Temp\\tmptj1fnln9.wav'
Error: [WinError 32] The process cannot access the file because it is being used by another process: 'C:\\Users\\Rafi\\AppData\\Local\\Temp\\tmpdreg_r5z.wav'
Error: [WinError 32] The process cannot access the file because it is being used by another process: 'C:\\Users\\Rafi\\AppData\\Local\\Temp\\tmp1uk6wstz.wav'
Error: [Errno 2] No such file or directory: 'models/ubm.joblib'
Error: [Errno 2] No such file or directory: 'models/ubm.joblib'
Error: [Errno 2] No such file or directory: 'models/ubm.joblib'
Error: load() got an unexpected keyword argument 'backend'
Error: load() got an unexpected keyword argument 'backend'
Error: load() got an unexpected keyword argument 'backend'
Error: 
Error: 
Error: 
Error: load() got an unexpected keyword argument 'backend'
Error: load() got an unexpected keyword argument 'backend'
Error: load() got an unexpected keyword argument 'backend'
Error: 
Error: 
Error: 
Error: 
Error: 
Error: 
Verification failed: File audio rusak/tidak valid: 
Verification failed: File audio rusak/tidak valid: 
Verification failed: File audio rusak/tidak valid: 
